0 verbose cli /usr/local/bin/node /usr/local/bin/npm
1 info using npm@10.8.2
2 info using node@v20.19.4
3 silly config load:file:/usr/local/lib/node_modules/npm/npmrc
4 silly config load:file:/var/www/html/.npmrc
5 silly config load:file:/home/node/.npmrc
6 silly config load:file:/usr/local/etc/npmrc
7 verbose title npm ci
8 verbose argv "ci"
9 verbose logfile logs-max:10 dir:/var/www/html/.npm/_logs/2025-11-28T13_40_53_659Z-
10 verbose logfile /var/www/html/.npm/_logs/2025-11-28T13_40_53_659Z-debug-0.log
11 silly packumentCache heap:2197815296 maxSize:549453824 maxEntrySize:274726912
12 silly logfile start cleaning logs, removing 1 files
13 silly logfile done cleaning log files
14 silly idealTree buildDeps
15 http fetch GET 200 https://registry.npmjs.org/npm 700ms
16 silly reify moves {}
17 silly audit bulk request {
17 silly audit   '@alloc/quick-lru': [ '5.2.0' ],
17 silly audit   '@esbuild/aix-ppc64': [ '0.25.8' ],
17 silly audit   '@esbuild/android-arm': [ '0.25.8' ],
17 silly audit   '@esbuild/android-arm64': [ '0.25.8' ],
17 silly audit   '@esbuild/android-x64': [ '0.25.8' ],
17 silly audit   '@esbuild/darwin-arm64': [ '0.25.8' ],
17 silly audit   '@esbuild/darwin-x64': [ '0.25.8' ],
17 silly audit   '@esbuild/freebsd-arm64': [ '0.25.8' ],
17 silly audit   '@esbuild/freebsd-x64': [ '0.25.8' ],
17 silly audit   '@esbuild/linux-arm': [ '0.25.8' ],
17 silly audit   '@esbuild/linux-arm64': [ '0.25.8' ],
17 silly audit   '@esbuild/linux-ia32': [ '0.25.8' ],
17 silly audit   '@esbuild/linux-loong64': [ '0.25.8' ],
17 silly audit   '@esbuild/linux-mips64el': [ '0.25.8' ],
17 silly audit   '@esbuild/linux-ppc64': [ '0.25.8' ],
17 silly audit   '@esbuild/linux-riscv64': [ '0.25.8' ],
17 silly audit   '@esbuild/linux-s390x': [ '0.25.8' ],
17 silly audit   '@esbuild/linux-x64': [ '0.25.8' ],
17 silly audit   '@esbuild/netbsd-arm64': [ '0.25.8' ],
17 silly audit   '@esbuild/netbsd-x64': [ '0.25.8' ],
17 silly audit   '@esbuild/openbsd-arm64': [ '0.25.8' ],
17 silly audit   '@esbuild/openbsd-x64': [ '0.25.8' ],
17 silly audit   '@esbuild/openharmony-arm64': [ '0.25.8' ],
17 silly audit   '@esbuild/sunos-x64': [ '0.25.8' ],
17 silly audit   '@esbuild/win32-arm64': [ '0.25.8' ],
17 silly audit   '@esbuild/win32-ia32': [ '0.25.8' ],
17 silly audit   '@esbuild/win32-x64': [ '0.25.8' ],
17 silly audit   '@isaacs/cliui': [ '8.0.2' ],
17 silly audit   '@jridgewell/gen-mapping': [ '0.3.13' ],
17 silly audit   '@jridgewell/resolve-uri': [ '3.1.2' ],
17 silly audit   '@jridgewell/sourcemap-codec': [ '1.5.5' ],
17 silly audit   '@jridgewell/trace-mapping': [ '0.3.30' ],
17 silly audit   '@nodelib/fs.scandir': [ '2.1.5' ],
17 silly audit   '@nodelib/fs.stat': [ '2.0.5' ],
17 silly audit   '@nodelib/fs.walk': [ '1.2.8' ],
17 silly audit   '@pkgjs/parseargs': [ '0.11.0' ],
17 silly audit   '@rollup/rollup-android-arm-eabi': [ '4.46.2' ],
17 silly audit   '@rollup/rollup-android-arm64': [ '4.46.2' ],
17 silly audit   '@rollup/rollup-darwin-arm64': [ '4.46.2' ],
17 silly audit   '@rollup/rollup-darwin-x64': [ '4.46.2' ],
17 silly audit   '@rollup/rollup-freebsd-arm64': [ '4.46.2' ],
17 silly audit   '@rollup/rollup-freebsd-x64': [ '4.46.2' ],
17 silly audit   '@rollup/rollup-linux-arm-gnueabihf': [ '4.46.2' ],
17 silly audit   '@rollup/rollup-linux-arm-musleabihf': [ '4.46.2' ],
17 silly audit   '@rollup/rollup-linux-arm64-gnu': [ '4.46.2' ],
17 silly audit   '@rollup/rollup-linux-arm64-musl': [ '4.46.2' ],
17 silly audit   '@rollup/rollup-linux-loongarch64-gnu': [ '4.46.2' ],
17 silly audit   '@rollup/rollup-linux-ppc64-gnu': [ '4.46.2' ],
17 silly audit   '@rollup/rollup-linux-riscv64-gnu': [ '4.46.2' ],
17 silly audit   '@rollup/rollup-linux-riscv64-musl': [ '4.46.2' ],
17 silly audit   '@rollup/rollup-linux-s390x-gnu': [ '4.46.2' ],
17 silly audit   '@rollup/rollup-linux-x64-gnu': [ '4.46.2' ],
17 silly audit   '@rollup/rollup-linux-x64-musl': [ '4.46.2' ],
17 silly audit   '@rollup/rollup-win32-arm64-msvc': [ '4.46.2' ],
17 silly audit   '@rollup/rollup-win32-ia32-msvc': [ '4.46.2' ],
17 silly audit   '@rollup/rollup-win32-x64-msvc': [ '4.46.2' ],
17 silly audit   '@tailwindcss/forms': [ '0.5.10' ],
17 silly audit   '@types/estree': [ '1.0.8' ],
17 silly audit   '@vue/reactivity': [ '3.1.5' ],
17 silly audit   '@vue/shared': [ '3.1.5' ],
17 silly audit   alpinejs: [ '3.14.9' ],
17 silly audit   'ansi-regex': [ '6.1.0', '5.0.1' ],
17 silly audit   'ansi-styles': [ '4.3.0', '6.2.1' ],
17 silly audit   'any-promise': [ '1.3.0' ],
17 silly audit   anymatch: [ '3.1.3' ],
17 silly audit   arg: [ '5.0.2' ],
17 silly audit   asynckit: [ '0.4.0' ],
17 silly audit   autoprefixer: [ '10.4.21' ],
17 silly audit   axios: [ '1.11.0' ],
17 silly audit   'balanced-match': [ '1.0.2' ],
17 silly audit   'binary-extensions': [ '2.3.0' ],
17 silly audit   'brace-expansion': [ '2.0.2' ],
17 silly audit   braces: [ '3.0.3' ],
17 silly audit   browserslist: [ '4.25.2' ],
17 silly audit   'call-bind-apply-helpers': [ '1.0.2' ],
17 silly audit   'camelcase-css': [ '2.0.1' ],
17 silly audit   'caniuse-lite': [ '1.0.30001734' ],
17 silly audit   chalk: [ '4.1.2' ],
17 silly audit   'supports-color': [ '7.2.0', '8.1.1' ],
17 silly audit   chokidar: [ '3.6.0' ],
17 silly audit   'glob-parent': [ '5.1.2', '6.0.2' ],
17 silly audit   cliui: [ '8.0.1' ],
17 silly audit   'emoji-regex': [ '8.0.0', '9.2.2' ],
17 silly audit   'string-width': [ '4.2.3', '5.1.2' ],
17 silly audit   'strip-ansi': [ '6.0.1', '7.1.0' ],
17 silly audit   'wrap-ansi': [ '7.0.0', '8.1.0' ],
17 silly audit   'color-convert': [ '2.0.1' ],
17 silly audit   'color-name': [ '1.1.4' ],
17 silly audit   'combined-stream': [ '1.0.8' ],
17 silly audit   commander: [ '4.1.1' ],
17 silly audit   concurrently: [ '9.2.0' ],
17 silly audit   'cross-spawn': [ '7.0.6' ],
17 silly audit   cssesc: [ '3.0.0' ],
17 silly audit   'delayed-stream': [ '1.0.0' ],
17 silly audit   didyoumean: [ '1.2.2' ],
17 silly audit   dlv: [ '1.1.3' ],
17 silly audit   'dunder-proto': [ '1.0.1' ],
17 silly audit   eastasianwidth: [ '0.2.0' ],
17 silly audit   'electron-to-chromium': [ '1.5.200' ],
17 silly audit   'es-define-property': [ '1.0.1' ],
17 silly audit   'es-errors': [ '1.3.0' ],
17 silly audit   'es-object-atoms': [ '1.1.1' ],
17 silly audit   'es-set-tostringtag': [ '2.1.0' ],
17 silly audit   esbuild: [ '0.25.8' ],
17 silly audit   escalade: [ '3.2.0' ],
17 silly audit   'fast-glob': [ '3.3.3' ],
17 silly audit   fastq: [ '1.19.1' ],
17 silly audit   'fill-range': [ '7.1.1' ],
17 silly audit   'follow-redirects': [ '1.15.11' ],
17 silly audit   'foreground-child': [ '3.3.1' ],
17 silly audit   'form-data': [ '4.0.4' ],
17 silly audit   'fraction.js': [ '4.3.7' ],
17 silly audit   fsevents: [ '2.3.3' ],
17 silly audit   'function-bind': [ '1.1.2' ],
17 silly audit   'get-caller-file': [ '2.0.5' ],
17 silly audit   'get-intrinsic': [ '1.3.0' ],
17 silly audit   'get-proto': [ '1.0.1' ],
17 silly audit   glob: [ '10.4.5' ],
17 silly audit   gopd: [ '1.2.0' ],
17 silly audit   'has-flag': [ '4.0.0' ],
17 silly audit   'has-symbols': [ '1.1.0' ],
17 silly audit   'has-tostringtag': [ '1.0.2' ],
17 silly audit   hasown: [ '2.0.2' ],
17 silly audit   'is-binary-path': [ '2.1.0' ],
17 silly audit   'is-core-module': [ '2.16.1' ],
17 silly audit   'is-extglob': [ '2.1.1' ],
17 silly audit   'is-fullwidth-code-point': [ '3.0.0' ],
17 silly audit   'is-glob': [ '4.0.3' ],
17 silly audit   'is-number': [ '7.0.0' ],
17 silly audit   isexe: [ '2.0.0' ],
17 silly audit   jackspeak: [ '3.4.3' ],
17 silly audit   jiti: [ '1.21.7' ],
17 silly audit   'laravel-vite-plugin': [ '1.3.0' ],
17 silly audit   lilconfig: [ '3.1.3' ],
17 silly audit   'lines-and-columns': [ '1.2.4' ],
17 silly audit   lodash: [ '4.17.21' ],
17 silly audit   'lru-cache': [ '10.4.3' ],
17 silly audit   'math-intrinsics': [ '1.1.0' ],
17 silly audit   merge2: [ '1.4.1' ],
17 silly audit   micromatch: [ '4.0.8' ],
17 silly audit   'mime-db': [ '1.52.0' ],
17 silly audit   'mime-types': [ '2.1.35' ],
17 silly audit   'mini-svg-data-uri': [ '1.4.4' ],
17 silly audit   minimatch: [ '9.0.5' ],
17 silly audit   minipass: [ '7.1.2' ],
17 silly audit   mz: [ '2.7.0' ],
17 silly audit   nanoid: [ '3.3.11' ],
17 silly audit   'node-releases': [ '2.0.19' ],
17 silly audit   'normalize-path': [ '3.0.0' ],
17 silly audit   'normalize-range': [ '0.1.2' ],
17 silly audit   'object-assign': [ '4.1.1' ],
17 silly audit   'object-hash': [ '3.0.0' ],
17 silly audit   'package-json-from-dist': [ '1.0.1' ],
17 silly audit   'path-key': [ '3.1.1' ],
17 silly audit   'path-parse': [ '1.0.7' ],
17 silly audit   'path-scurry': [ '1.11.1' ],
17 silly audit   picocolors: [ '1.1.1' ],
17 silly audit   picomatch: [ '2.3.1', '4.0.3' ],
17 silly audit   pify: [ '2.3.0' ],
17 silly audit   pirates: [ '4.0.7' ],
17 silly audit   postcss: [ '8.5.6' ],
17 silly audit   'postcss-import': [ '15.1.0' ],
17 silly audit   'postcss-js': [ '4.0.1' ],
17 silly audit   'postcss-load-config': [ '4.0.2' ],
17 silly audit   'postcss-nested': [ '6.2.0' ],
17 silly audit   'postcss-selector-parser': [ '6.1.2' ],
17 silly audit   'postcss-value-parser': [ '4.2.0' ],
17 silly audit   'proxy-from-env': [ '1.1.0' ],
17 silly audit   'queue-microtask': [ '1.2.3' ],
17 silly audit   'read-cache': [ '1.0.0' ],
17 silly audit   readdirp: [ '3.6.0' ],
17 silly audit   'require-directory': [ '2.1.1' ],
17 silly audit   resolve: [ '1.22.10' ],
17 silly audit   reusify: [ '1.1.0' ],
17 silly audit   rollup: [ '4.46.2' ],
17 silly audit   'run-parallel': [ '1.2.0' ],
17 silly audit   rxjs: [ '7.8.2' ],
17 silly audit   'shebang-command': [ '2.0.0' ],
17 silly audit   'shebang-regex': [ '3.0.0' ],
17 silly audit   'shell-quote': [ '1.8.3' ],
17 silly audit   'signal-exit': [ '4.1.0' ],
17 silly audit   'source-map-js': [ '1.2.1' ],
17 silly audit   sucrase: [ '3.35.0' ],
17 silly audit   'supports-preserve-symlinks-flag': [ '1.0.0' ],
17 silly audit   tailwindcss: [ '3.4.17' ],
17 silly audit   thenify: [ '3.3.1' ],
17 silly audit   'thenify-all': [ '1.6.0' ],
17 silly audit   tinyglobby: [ '0.2.14' ],
17 silly audit   fdir: [ '6.4.6' ],
17 silly audit   'to-regex-range': [ '5.0.1' ],
17 silly audit   'tree-kill': [ '1.2.2' ],
17 silly audit   'ts-interface-checker': [ '0.1.13' ],
17 silly audit   tslib: [ '2.8.1' ],
17 silly audit   'update-browserslist-db': [ '1.1.3' ],
17 silly audit   'util-deprecate': [ '1.0.2' ],
17 silly audit   vite: [ '6.3.5' ],
17 silly audit   'vite-plugin-full-reload': [ '1.2.0' ],
17 silly audit   which: [ '2.0.2' ],
17 silly audit   y18n: [ '5.0.8' ],
17 silly audit   yaml: [ '2.8.1' ],
17 silly audit   yargs: [ '17.7.2' ],
17 silly audit   'yargs-parser': [ '21.1.1' ]
17 silly audit }
18 verbose reify failed optional dependency /var/www/html/node_modules/fsevents
19 silly reify mark deleted [ '/var/www/html/node_modules/fsevents' ]
20 verbose reify failed optional dependency /var/www/html/node_modules/@rollup/rollup-win32-x64-msvc
21 silly reify mark deleted [ '/var/www/html/node_modules/@rollup/rollup-win32-x64-msvc' ]
22 verbose reify failed optional dependency /var/www/html/node_modules/@rollup/rollup-win32-ia32-msvc
23 silly reify mark deleted [ '/var/www/html/node_modules/@rollup/rollup-win32-ia32-msvc' ]
24 verbose reify failed optional dependency /var/www/html/node_modules/@rollup/rollup-win32-arm64-msvc
25 silly reify mark deleted [ '/var/www/html/node_modules/@rollup/rollup-win32-arm64-msvc' ]
26 verbose reify failed optional dependency /var/www/html/node_modules/@rollup/rollup-linux-s390x-gnu
27 silly reify mark deleted [ '/var/www/html/node_modules/@rollup/rollup-linux-s390x-gnu' ]
28 verbose reify failed optional dependency /var/www/html/node_modules/@rollup/rollup-linux-riscv64-musl
29 silly reify mark deleted [ '/var/www/html/node_modules/@rollup/rollup-linux-riscv64-musl' ]
30 verbose reify failed optional dependency /var/www/html/node_modules/@rollup/rollup-linux-riscv64-gnu
31 silly reify mark deleted [ '/var/www/html/node_modules/@rollup/rollup-linux-riscv64-gnu' ]
32 verbose reify failed optional dependency /var/www/html/node_modules/@rollup/rollup-linux-ppc64-gnu
33 silly reify mark deleted [ '/var/www/html/node_modules/@rollup/rollup-linux-ppc64-gnu' ]
34 verbose reify failed optional dependency /var/www/html/node_modules/@rollup/rollup-linux-loongarch64-gnu
35 silly reify mark deleted [ '/var/www/html/node_modules/@rollup/rollup-linux-loongarch64-gnu' ]
36 verbose reify failed optional dependency /var/www/html/node_modules/@rollup/rollup-linux-arm64-musl
37 silly reify mark deleted [ '/var/www/html/node_modules/@rollup/rollup-linux-arm64-musl' ]
38 verbose reify failed optional dependency /var/www/html/node_modules/@rollup/rollup-linux-arm64-gnu
39 silly reify mark deleted [ '/var/www/html/node_modules/@rollup/rollup-linux-arm64-gnu' ]
40 verbose reify failed optional dependency /var/www/html/node_modules/@rollup/rollup-linux-arm-musleabihf
41 silly reify mark deleted [ '/var/www/html/node_modules/@rollup/rollup-linux-arm-musleabihf' ]
42 verbose reify failed optional dependency /var/www/html/node_modules/@rollup/rollup-linux-arm-gnueabihf
43 silly reify mark deleted [ '/var/www/html/node_modules/@rollup/rollup-linux-arm-gnueabihf' ]
44 verbose reify failed optional dependency /var/www/html/node_modules/@rollup/rollup-freebsd-x64
45 silly reify mark deleted [ '/var/www/html/node_modules/@rollup/rollup-freebsd-x64' ]
46 verbose reify failed optional dependency /var/www/html/node_modules/@rollup/rollup-freebsd-arm64
47 silly reify mark deleted [ '/var/www/html/node_modules/@rollup/rollup-freebsd-arm64' ]
48 verbose reify failed optional dependency /var/www/html/node_modules/@rollup/rollup-darwin-x64
49 silly reify mark deleted [ '/var/www/html/node_modules/@rollup/rollup-darwin-x64' ]
50 verbose reify failed optional dependency /var/www/html/node_modules/@rollup/rollup-darwin-arm64
51 silly reify mark deleted [ '/var/www/html/node_modules/@rollup/rollup-darwin-arm64' ]
52 verbose reify failed optional dependency /var/www/html/node_modules/@rollup/rollup-android-arm64
53 silly reify mark deleted [ '/var/www/html/node_modules/@rollup/rollup-android-arm64' ]
54 verbose reify failed optional dependency /var/www/html/node_modules/@rollup/rollup-android-arm-eabi
55 silly reify mark deleted [ '/var/www/html/node_modules/@rollup/rollup-android-arm-eabi' ]
56 verbose reify failed optional dependency /var/www/html/node_modules/@esbuild/win32-x64
57 silly reify mark deleted [ '/var/www/html/node_modules/@esbuild/win32-x64' ]
58 verbose reify failed optional dependency /var/www/html/node_modules/@esbuild/win32-ia32
59 silly reify mark deleted [ '/var/www/html/node_modules/@esbuild/win32-ia32' ]
60 verbose reify failed optional dependency /var/www/html/node_modules/@esbuild/win32-arm64
61 silly reify mark deleted [ '/var/www/html/node_modules/@esbuild/win32-arm64' ]
62 verbose reify failed optional dependency /var/www/html/node_modules/@esbuild/sunos-x64
63 silly reify mark deleted [ '/var/www/html/node_modules/@esbuild/sunos-x64' ]
64 verbose reify failed optional dependency /var/www/html/node_modules/@esbuild/openharmony-arm64
65 silly reify mark deleted [ '/var/www/html/node_modules/@esbuild/openharmony-arm64' ]
66 verbose reify failed optional dependency /var/www/html/node_modules/@esbuild/openbsd-x64
67 silly reify mark deleted [ '/var/www/html/node_modules/@esbuild/openbsd-x64' ]
68 verbose reify failed optional dependency /var/www/html/node_modules/@esbuild/openbsd-arm64
69 silly reify mark deleted [ '/var/www/html/node_modules/@esbuild/openbsd-arm64' ]
70 verbose reify failed optional dependency /var/www/html/node_modules/@esbuild/netbsd-x64
71 silly reify mark deleted [ '/var/www/html/node_modules/@esbuild/netbsd-x64' ]
72 verbose reify failed optional dependency /var/www/html/node_modules/@esbuild/netbsd-arm64
73 silly reify mark deleted [ '/var/www/html/node_modules/@esbuild/netbsd-arm64' ]
74 verbose reify failed optional dependency /var/www/html/node_modules/@esbuild/linux-s390x
75 silly reify mark deleted [ '/var/www/html/node_modules/@esbuild/linux-s390x' ]
76 verbose reify failed optional dependency /var/www/html/node_modules/@esbuild/linux-riscv64
77 silly reify mark deleted [ '/var/www/html/node_modules/@esbuild/linux-riscv64' ]
78 verbose reify failed optional dependency /var/www/html/node_modules/@esbuild/linux-ppc64
79 silly reify mark deleted [ '/var/www/html/node_modules/@esbuild/linux-ppc64' ]
80 verbose reify failed optional dependency /var/www/html/node_modules/@esbuild/linux-mips64el
81 silly reify mark deleted [ '/var/www/html/node_modules/@esbuild/linux-mips64el' ]
82 verbose reify failed optional dependency /var/www/html/node_modules/@esbuild/linux-loong64
83 silly reify mark deleted [ '/var/www/html/node_modules/@esbuild/linux-loong64' ]
84 verbose reify failed optional dependency /var/www/html/node_modules/@esbuild/linux-ia32
85 silly reify mark deleted [ '/var/www/html/node_modules/@esbuild/linux-ia32' ]
86 verbose reify failed optional dependency /var/www/html/node_modules/@esbuild/linux-arm64
87 silly reify mark deleted [ '/var/www/html/node_modules/@esbuild/linux-arm64' ]
88 verbose reify failed optional dependency /var/www/html/node_modules/@esbuild/linux-arm
89 silly reify mark deleted [ '/var/www/html/node_modules/@esbuild/linux-arm' ]
90 verbose reify failed optional dependency /var/www/html/node_modules/@esbuild/freebsd-x64
91 silly reify mark deleted [ '/var/www/html/node_modules/@esbuild/freebsd-x64' ]
92 verbose reify failed optional dependency /var/www/html/node_modules/@esbuild/freebsd-arm64
93 silly reify mark deleted [ '/var/www/html/node_modules/@esbuild/freebsd-arm64' ]
94 verbose reify failed optional dependency /var/www/html/node_modules/@esbuild/darwin-x64
95 silly reify mark deleted [ '/var/www/html/node_modules/@esbuild/darwin-x64' ]
96 verbose reify failed optional dependency /var/www/html/node_modules/@esbuild/darwin-arm64
97 silly reify mark deleted [ '/var/www/html/node_modules/@esbuild/darwin-arm64' ]
98 verbose reify failed optional dependency /var/www/html/node_modules/@esbuild/android-x64
99 silly reify mark deleted [ '/var/www/html/node_modules/@esbuild/android-x64' ]
100 verbose reify failed optional dependency /var/www/html/node_modules/@esbuild/android-arm64
101 silly reify mark deleted [ '/var/www/html/node_modules/@esbuild/android-arm64' ]
102 verbose reify failed optional dependency /var/www/html/node_modules/@esbuild/android-arm
103 silly reify mark deleted [ '/var/www/html/node_modules/@esbuild/android-arm' ]
104 verbose reify failed optional dependency /var/www/html/node_modules/@esbuild/aix-ppc64
105 silly reify mark deleted [ '/var/www/html/node_modules/@esbuild/aix-ppc64' ]
106 http fetch POST 200 https://registry.npmjs.org/-/npm/v1/security/advisories/bulk 1519ms
107 silly audit report {
107 silly audit report   axios: [
107 silly audit report     {
107 silly audit report       id: 1108263,
107 silly audit report       url: 'https://github.com/advisories/GHSA-4hjh-wcwx-xvwj',
107 silly audit report       title: 'Axios is vulnerable to DoS attack through lack of data size check',
107 silly audit report       severity: 'high',
107 silly audit report       vulnerable_versions: '>=1.0.0 <1.12.0',
107 silly audit report       cwe: [Array],
107 silly audit report       cvss: [Object]
107 silly audit report     }
107 silly audit report   ],
107 silly audit report   glob: [
107 silly audit report     {
107 silly audit report       id: 1109842,
107 silly audit report       url: 'https://github.com/advisories/GHSA-5j98-mcp5-4vw2',
107 silly audit report       title: 'glob CLI: Command injection via -c/--cmd executes matches with shell:true',
107 silly audit report       severity: 'high',
107 silly audit report       vulnerable_versions: '>=10.2.0 <10.5.0',
107 silly audit report       cwe: [Array],
107 silly audit report       cvss: [Object]
107 silly audit report     }
107 silly audit report   ],
107 silly audit report   vite: [
107 silly audit report     {
107 silly audit report       id: 1107324,
107 silly audit report       url: 'https://github.com/advisories/GHSA-g4jq-h2w9-997c',
107 silly audit report       title: 'Vite middleware may serve files starting with the same name with the public directory',
107 silly audit report       severity: 'low',
107 silly audit report       vulnerable_versions: '>=6.0.0 <=6.3.5',
107 silly audit report       cwe: [Array],
107 silly audit report       cvss: [Object]
107 silly audit report     },
107 silly audit report     {
107 silly audit report       id: 1107328,
107 silly audit report       url: 'https://github.com/advisories/GHSA-jqfw-vq24-v9c3',
107 silly audit report       title: "Vite's `server.fs` settings were not applied to HTML files",
107 silly audit report       severity: 'low',
107 silly audit report       vulnerable_versions: '>=6.0.0 <=6.3.5',
107 silly audit report       cwe: [Array],
107 silly audit report       cvss: [Object]
107 silly audit report     },
107 silly audit report     {
107 silly audit report       id: 1109135,
107 silly audit report       url: 'https://github.com/advisories/GHSA-93m4-6634-74q7',
107 silly audit report       title: 'vite allows server.fs.deny bypass via backslash on Windows',
107 silly audit report       severity: 'moderate',
107 silly audit report       vulnerable_versions: '>=6.0.0 <=6.4.0',
107 silly audit report       cwe: [Array],
107 silly audit report       cvss: [Object]
107 silly audit report     }
107 silly audit report   ]
107 silly audit report }
108 silly packumentCache corgi:https://registry.npmjs.org/axios cache-miss
109 silly packumentCache corgi:https://registry.npmjs.org/glob cache-miss
110 silly packumentCache corgi:https://registry.npmjs.org/vite cache-miss
111 http fetch GET 200 https://registry.npmjs.org/glob 936ms (cache miss)
112 silly packumentCache corgi:https://registry.npmjs.org/glob set size:undefined disposed:false
113 http fetch GET 200 https://registry.npmjs.org/axios 1473ms (cache updated)
114 silly packumentCache corgi:https://registry.npmjs.org/axios set size:undefined disposed:false
115 http fetch GET 200 https://registry.npmjs.org/vite 1812ms (cache updated)
116 silly packumentCache corgi:https://registry.npmjs.org/vite set size:undefined disposed:false
117 silly packumentCache corgi:https://registry.npmjs.org/sucrase cache-miss
118 http fetch GET 200 https://registry.npmjs.org/sucrase 142ms (cache miss)
119 silly packumentCache corgi:https://registry.npmjs.org/sucrase set size:undefined disposed:false
120 silly packumentCache corgi:https://registry.npmjs.org/laravel-vite-plugin cache-miss
121 http fetch GET 200 https://registry.npmjs.org/laravel-vite-plugin 137ms (cache revalidated)
122 silly packumentCache corgi:https://registry.npmjs.org/laravel-vite-plugin set size:62066 disposed:false
123 info run esbuild@0.25.8 postinstall node_modules/esbuild node install.js
124 info run esbuild@0.25.8 postinstall { code: 0, signal: null }
125 silly ADD node_modules/yargs-parser
126 silly ADD node_modules/yargs
127 silly ADD node_modules/yargs/node_modules/strip-ansi
128 silly ADD node_modules/yargs/node_modules/string-width
129 silly ADD node_modules/yargs/node_modules/emoji-regex
130 silly ADD node_modules/yargs/node_modules/ansi-regex
131 silly ADD node_modules/yaml
132 silly ADD node_modules/y18n
133 silly ADD node_modules/wrap-ansi-cjs
134 silly ADD node_modules/wrap-ansi-cjs/node_modules/strip-ansi
135 silly ADD node_modules/wrap-ansi-cjs/node_modules/string-width
136 silly ADD node_modules/wrap-ansi-cjs/node_modules/emoji-regex
137 silly ADD node_modules/wrap-ansi-cjs/node_modules/ansi-regex
138 silly ADD node_modules/wrap-ansi
139 silly ADD node_modules/wrap-ansi/node_modules/ansi-styles
140 silly ADD node_modules/which
141 silly ADD node_modules/vite-plugin-full-reload
142 silly ADD node_modules/vite
143 silly ADD node_modules/vite/node_modules/picomatch
144 silly ADD node_modules/vite/node_modules/fdir
145 silly ADD node_modules/util-deprecate
146 silly ADD node_modules/update-browserslist-db
147 silly ADD node_modules/tslib
148 silly ADD node_modules/ts-interface-checker
149 silly ADD node_modules/tree-kill
150 silly ADD node_modules/to-regex-range
151 silly ADD node_modules/tinyglobby
152 silly ADD node_modules/tinyglobby/node_modules/picomatch
153 silly ADD node_modules/tinyglobby/node_modules/fdir
154 silly ADD node_modules/thenify-all
155 silly ADD node_modules/thenify
156 silly ADD node_modules/tailwindcss
157 silly ADD node_modules/supports-preserve-symlinks-flag
158 silly ADD node_modules/supports-color
159 silly ADD node_modules/sucrase
160 silly ADD node_modules/strip-ansi-cjs
161 silly ADD node_modules/strip-ansi-cjs/node_modules/ansi-regex
162 silly ADD node_modules/strip-ansi
163 silly ADD node_modules/string-width-cjs
164 silly ADD node_modules/string-width-cjs/node_modules/strip-ansi
165 silly ADD node_modules/string-width-cjs/node_modules/emoji-regex
166 silly ADD node_modules/string-width-cjs/node_modules/ansi-regex
167 silly ADD node_modules/string-width
168 silly ADD node_modules/source-map-js
169 silly ADD node_modules/signal-exit
170 silly ADD node_modules/shell-quote
171 silly ADD node_modules/shebang-regex
172 silly ADD node_modules/shebang-command
173 silly ADD node_modules/rxjs
174 silly ADD node_modules/run-parallel
175 silly ADD node_modules/rollup
176 silly ADD node_modules/reusify
177 silly ADD node_modules/resolve
178 silly ADD node_modules/require-directory
179 silly ADD node_modules/readdirp
180 silly ADD node_modules/read-cache
181 silly ADD node_modules/queue-microtask
182 silly ADD node_modules/proxy-from-env
183 silly ADD node_modules/postcss-value-parser
184 silly ADD node_modules/postcss-selector-parser
185 silly ADD node_modules/postcss-nested
186 silly ADD node_modules/postcss-load-config
187 silly ADD node_modules/postcss-js
188 silly ADD node_modules/postcss-import
189 silly ADD node_modules/postcss
190 silly ADD node_modules/pirates
191 silly ADD node_modules/pify
192 silly ADD node_modules/picomatch
193 silly ADD node_modules/picocolors
194 silly ADD node_modules/path-scurry
195 silly ADD node_modules/path-parse
196 silly ADD node_modules/path-key
197 silly ADD node_modules/package-json-from-dist
198 silly ADD node_modules/object-hash
199 silly ADD node_modules/object-assign
200 silly ADD node_modules/normalize-range
201 silly ADD node_modules/normalize-path
202 silly ADD node_modules/node-releases
203 silly ADD node_modules/nanoid
204 silly ADD node_modules/mz
205 silly ADD node_modules/minipass
206 silly ADD node_modules/minimatch
207 silly ADD node_modules/mini-svg-data-uri
208 silly ADD node_modules/mime-types
209 silly ADD node_modules/mime-db
210 silly ADD node_modules/micromatch
211 silly ADD node_modules/merge2
212 silly ADD node_modules/math-intrinsics
213 silly ADD node_modules/lru-cache
214 silly ADD node_modules/lodash
215 silly ADD node_modules/lines-and-columns
216 silly ADD node_modules/lilconfig
217 silly ADD node_modules/laravel-vite-plugin
218 silly ADD node_modules/jiti
219 silly ADD node_modules/jackspeak
220 silly ADD node_modules/isexe
221 silly ADD node_modules/is-number
222 silly ADD node_modules/is-glob
223 silly ADD node_modules/is-fullwidth-code-point
224 silly ADD node_modules/is-extglob
225 silly ADD node_modules/is-core-module
226 silly ADD node_modules/is-binary-path
227 silly ADD node_modules/hasown
228 silly ADD node_modules/has-tostringtag
229 silly ADD node_modules/has-symbols
230 silly ADD node_modules/has-flag
231 silly ADD node_modules/gopd
232 silly ADD node_modules/glob-parent
233 silly ADD node_modules/glob
234 silly ADD node_modules/get-proto
235 silly ADD node_modules/get-intrinsic
236 silly ADD node_modules/get-caller-file
237 silly ADD node_modules/function-bind
238 silly ADD
239 silly ADD node_modules/fraction.js
240 silly ADD node_modules/form-data
241 silly ADD node_modules/foreground-child
242 silly ADD node_modules/follow-redirects
243 silly ADD node_modules/fill-range
244 silly ADD node_modules/fastq
245 silly ADD node_modules/fast-glob
246 silly ADD node_modules/fast-glob/node_modules/glob-parent
247 silly ADD node_modules/escalade
248 silly ADD node_modules/esbuild
249 silly ADD node_modules/es-set-tostringtag
250 silly ADD node_modules/es-object-atoms
251 silly ADD node_modules/es-errors
252 silly ADD node_modules/es-define-property
253 silly ADD node_modules/emoji-regex
254 silly ADD node_modules/electron-to-chromium
255 silly ADD node_modules/eastasianwidth
256 silly ADD node_modules/dunder-proto
257 silly ADD node_modules/dlv
258 silly ADD node_modules/didyoumean
259 silly ADD node_modules/delayed-stream
260 silly ADD node_modules/cssesc
261 silly ADD node_modules/cross-spawn
262 silly ADD node_modules/concurrently
263 silly ADD node_modules/commander
264 silly ADD node_modules/combined-stream
265 silly ADD node_modules/color-name
266 silly ADD node_modules/color-convert
267 silly ADD node_modules/cliui
268 silly ADD node_modules/cliui/node_modules/wrap-ansi
269 silly ADD node_modules/cliui/node_modules/strip-ansi
270 silly ADD node_modules/cliui/node_modules/string-width
271 silly ADD node_modules/cliui/node_modules/emoji-regex
272 silly ADD node_modules/cliui/node_modules/ansi-regex
273 silly ADD node_modules/chokidar
274 silly ADD node_modules/chokidar/node_modules/glob-parent
275 silly ADD node_modules/chalk
276 silly ADD node_modules/chalk/node_modules/supports-color
277 silly ADD node_modules/caniuse-lite
278 silly ADD node_modules/camelcase-css
279 silly ADD node_modules/call-bind-apply-helpers
280 silly ADD node_modules/browserslist
281 silly ADD node_modules/braces
282 silly ADD node_modules/brace-expansion
283 silly ADD node_modules/binary-extensions
284 silly ADD node_modules/balanced-match
285 silly ADD node_modules/axios
286 silly ADD node_modules/autoprefixer
287 silly ADD node_modules/asynckit
288 silly ADD node_modules/arg
289 silly ADD node_modules/anymatch
290 silly ADD node_modules/any-promise
291 silly ADD node_modules/ansi-styles
292 silly ADD node_modules/ansi-regex
293 silly ADD node_modules/alpinejs
294 silly ADD node_modules/@vue/shared
295 silly ADD node_modules/@vue/reactivity
296 silly ADD node_modules/@types/estree
297 silly ADD node_modules/@tailwindcss/forms
298 silly ADD
299 silly ADD
300 silly ADD
301 silly ADD node_modules/@rollup/rollup-linux-x64-musl
302 silly ADD node_modules/@rollup/rollup-linux-x64-gnu
303 silly ADD
304 silly ADD
305 silly ADD
306 silly ADD
307 silly ADD
308 silly ADD
309 silly ADD
310 silly ADD
311 silly ADD
312 silly ADD
313 silly ADD
314 silly ADD
315 silly ADD
316 silly ADD
317 silly ADD
318 silly ADD node_modules/@pkgjs/parseargs
319 silly ADD node_modules/@nodelib/fs.walk
320 silly ADD node_modules/@nodelib/fs.stat
321 silly ADD node_modules/@nodelib/fs.scandir
322 silly ADD node_modules/@jridgewell/trace-mapping
323 silly ADD node_modules/@jridgewell/sourcemap-codec
324 silly ADD node_modules/@jridgewell/resolve-uri
325 silly ADD node_modules/@jridgewell/gen-mapping
326 silly ADD node_modules/@isaacs/cliui
327 silly ADD
328 silly ADD
329 silly ADD
330 silly ADD
331 silly ADD
332 silly ADD
333 silly ADD
334 silly ADD
335 silly ADD
336 silly ADD node_modules/@esbuild/linux-x64
337 silly ADD
338 silly ADD
339 silly ADD
340 silly ADD
341 silly ADD
342 silly ADD
343 silly ADD
344 silly ADD
345 silly ADD
346 silly ADD
347 silly ADD
348 silly ADD
349 silly ADD
350 silly ADD
351 silly ADD
352 silly ADD
353 silly ADD node_modules/@alloc/quick-lru
354 verbose cwd /var/www/html
355 verbose os Linux 6.6.87.2-microsoft-standard-WSL2
356 verbose node v20.19.4
357 verbose npm  v10.8.2
358 notice
358 notice New major version of npm available! 10.8.2 -> 11.6.4
358 notice Changelog: https://github.com/npm/cli/releases/tag/v11.6.4
358 notice To update run: npm install -g npm@11.6.4
358 notice  { force: true, [Symbol(proc-log.meta)]: true }
359 verbose exit 0
360 info ok
